proguard-project.txt
# To enable ProGuard in your project, edit project.properties
# to define the proguard.config property as described in that file.
#
# Add project specific ProGuard rules here.
# By default, the flags in this file are appended to flags specified
# in ${sdk.dir}/tools/proguard/proguard-android.txt
# You can edit the include path and order by changing the ProGuard
# include property in project.properties.
#
# For more details, see
#   http://developer.android.com/guide/developing/tools/proguard.html

# Add any project specific keep options here:

# If your project uses WebView with JS, uncomment the following
# and specify the fully qualified class name to the JavaScript interface
# class:
#-keepclassmembers class fqcn.of.javascript.interface.for.webview {
#   public *;
#}

-ignorewarnings                     # 忽略警告，避免打包时某些警告出现  
-optimizationpasses 5               # 指定代码的压缩级别  
-dontusemixedcaseclassnames         # 是否使用大小写混合  
-dontskipnonpubliclibraryclasses    # 是否混淆第三方jar  
-dontpreverify                      # 混淆时是否做预校验  
-verbose                            # 混淆时是否记录日志  
-optimizations !code/simplification/arithmetic,!field/*,!class/merging/*        # 混淆时所采用的算法  

-keepattributes *Annotation*  
-keepattributes Signature  

-libraryjars D:/DevelopPrograms/android/sdk/platforms/android-19

-libraryjars ./libs

-libraryjars ../library/bin/library.jar
-libraryjars ../pulltorefresh/bin/pulltorefresh.jar
-libraryjars ../photoselector/bin/photoselector.jar
-libraryjars ../wheel/bin/wheel.jar


-keep public class * extends android.app.Fragment
-keep public class * extends android.app.Activity
-keep public class * extends android.app.Dialog
-keep public class * extends android.app.Application
-keep public class * extends android.app.Service
-keep public class * extends android.content.BroadcastReceiver
-keep public class * extends android.content.ContentProvider
-keep public class * extends android.app.backup.BackupAgentHelper
-keep public class * extends android.preference.Preference
-keep public class * extends android.support.v4.**
-keep class android.**{*;}
-keep class org.**{*;}
-keep class java.**{*;}
-keep class **.R$**{*;}
-keep class com.thunisoft.sswy.mobile.model.**{*;}
-keep class com.thunisoft.sswy.mobile.pojo.**{*;}     #不混淆所有的pojo，因为可能用于从服务器获取的json数据，在app端直接转换为json或者gson
-keep class com.thunisoft.sswy.mobile.logic.**{*;}    #不混淆和网络请求相关的类，否则服务器端接收到的参数不对
-keep class com.thunisoft.sswy.mobile.logic.net.**{*;}   #不混淆和网络请求相关的类
-keep class com.thunisoft.sswy.mobile.logic.response.**{*;}  #不混淆和网络请求相关的类，
-keep class com.thunisoft.sswy.mobile.activity.**{*;} #因为在activity中发了网络请求，并且解析数据，所以此版本暂时不做混淆
-keep class com.thunisoft.sswy.mobile.adapter.NRCReviewCertificatesAdapter
-keep class com.thunisoft.sswy.mobile.adapter.NRCReviewEvidenceAdapter
-keep class com.thunisoft.sswy.mobile.adapter.NRCReviewIndictmentAdapter
-keep class com.thunisoft.sswy.mobile.fragment.HomeFragment

-keepclasseswithmembernames class * {            #所有native的方法不能去混淆. 
    native <methods>;
}

-keepclassmembers class * {
   public <init>(org.json.JSONObject);
}

-keepclassmembers class * {
   public ** parseToBean(java.lang.String);
}

-keep interface android.support.v4.app.**{*;}