proguard/seeds.txt
com.widget.wheel.R$string
com.widget.wheel.R$string: int action_settings
com.widget.wheel.R$string: int app_name
com.widget.wheel.R$string: int hello_world
com.widget.wheel.R$string: R$string()
com.widget.wheel.R$style
com.widget.wheel.R$style: int AppBaseTheme
com.widget.wheel.R$style: int AppTheme
com.widget.wheel.R$style: R$style()
com.widget.wheel.view.WheelView
com.widget.wheel.view.WheelView: WheelView(android.content.Context,android.util.AttributeSet,int)
com.widget.wheel.view.WheelView: WheelView(android.content.Context,android.util.AttributeSet)
com.widget.wheel.view.WheelView: WheelView(android.content.Context)
com.widget.wheel.view.WheelView: void setInterpolator(android.view.animation.Interpolator)
com.widget.wheel.view.WheelView: int getVisibleItems()
com.widget.wheel.view.WheelView: void setVisibleItems(int)
com.widget.wheel.view.WheelView: com.widget.wheel.adapter.WheelViewAdapter getViewAdapter()
com.widget.wheel.view.WheelView: void setViewAdapter(com.widget.wheel.adapter.WheelViewAdapter)
com.widget.wheel.view.WheelView: int getCurrentItem()
com.widget.wheel.view.WheelView: void setCurrentItem(int)
com.widget.wheel.view.WheelView: void setCyclic(boolean)
com.widget.wheel.view.WheelView: void setDrawShadows(boolean)
com.widget.wheel.view.WheelView: void setWheelBackground(int)
com.widget.wheel.view.WheelView: void setWheelForeground(int)
com.widget.wheel.view.WheelView: int getItemHeight()
com.widget.wheel.view.WheelView: com.widget.wheel.model.ItemsRange getItemsRange()
com.zijunlin.Zxing.Demo.decoding.CaptureActivityHandler$State: com.zijunlin.Zxing.Demo.decoding.CaptureActivityHandler$State[] values()
com.zijunlin.Zxing.Demo.decoding.CaptureActivityHandler$State: com.zijunlin.Zxing.Demo.decoding.CaptureActivityHandler$State valueOf(java.lang.String)
com.zijunlin.Zxing.Demo.view.ViewfinderView
com.zijunlin.Zxing.Demo.view.ViewfinderView: ViewfinderView(android.content.Context,android.util.AttributeSet)
org.androidannotations.AndroidAnnotationProcessor
org.androidannotations.AndroidAnnotationProcessor: org.androidannotations.logger.Logger LOGGER
org.androidannotations.AndroidAnnotationProcessor: java.util.Properties properties
org.androidannotations.AndroidAnnotationProcessor: java.util.Properties propertiesApi
org.androidannotations.AndroidAnnotationProcessor: org.androidannotations.process.TimeStats timeStats
org.androidannotations.AndroidAnnotationProcessor: org.androidannotations.helper.ErrorHelper errorHelper
org.androidannotations.AndroidAnnotationProcessor: org.androidannotations.handler.AnnotationHandlers annotationHandlers
org.androidannotations.AndroidAnnotationProcessor: AndroidAnnotationProcessor()
org.androidannotations.AndroidAnnotationProcessor: void init(javax.annotation.processing.ProcessingEnvironment)
org.androidannotations.AndroidAnnotationProcessor: void checkApiAndCoreVersions()
org.androidannotations.AndroidAnnotationProcessor: boolean process(java.util.Set,javax.annotation.processing.RoundEnvironment)
org.androidannotations.AndroidAnnotationProcessor: void loadPropertyFile()
org.androidannotations.AndroidAnnotationProcessor: void loadApiPropertyFile()
org.androidannotations.AndroidAnnotationProcessor: java.lang.String getAAProcessorVersion()
org.androidannotations.AndroidAnnotationProcessor: java.lang.String getAAApiVersion()
org.androidannotations.annotations.AfterExtras
org.androidannotations.annotations.AfterInject
org.androidannotations.annotations.AfterTextChange
org.androidannotations.annotations.AfterTextChange: int[] value()
org.androidannotations.annotations.AfterTextChange: java.lang.String[] resName()
org.androidannotations.annotations.AfterViews
org.androidannotations.annotations.App
org.androidannotations.annotations.Background
org.androidannotations.annotations.Background: java.lang.String id()
org.androidannotations.annotations.Background: int delay()
org.androidannotations.annotations.Background: java.lang.String serial()