proguard/mapping.txt
android.support.v4.content.ModernAsyncTask$4 -> android.support.v4.content.ModernAsyncTask$4:
    int[] $SwitchMap$android$support$v4$content$ModernAsyncTask$Status -> $SwitchMap$android$support$v4$content$ModernAsyncTask$Status
android.support.v4.content.ModernAsyncTask$AsyncTaskResult -> android.support.v4.content.ModernAsyncTask$AsyncTaskResult:
    android.support.v4.content.ModernAsyncTask mTask -> mTask
    java.lang.Object[] mData -> mData
android.support.v4.content.ModernAsyncTask$InternalHandler -> android.support.v4.content.ModernAsyncTask$InternalHandler:
    void handleMessage(android.os.Message) -> handleMessage
android.support.v4.content.ModernAsyncTask$Status -> android.support.v4.content.ModernAsyncTask$Status:
    android.support.v4.content.ModernAsyncTask$Status PENDING -> PENDING
    android.support.v4.content.ModernAsyncTask$Status RUNNING -> RUNNING
    android.support.v4.content.ModernAsyncTask$Status FINISHED -> FINISHED
    android.support.v4.content.ModernAsyncTask$Status[] $VALUES -> $VALUES
    android.support.v4.content.ModernAsyncTask$Status[] values() -> values
    android.support.v4.content.ModernAsyncTask$Status valueOf(java.lang.String) -> valueOf
android.support.v4.content.ModernAsyncTask$WorkerRunnable -> android.support.v4.content.ModernAsyncTask$WorkerRunnable:
    java.lang.Object[] mParams -> mParams
android.support.v4.content.WakefulBroadcastReceiver -> android.support.v4.content.WakefulBroadcastReceiver:
    java.lang.String EXTRA_WAKE_LOCK_ID -> EXTRA_WAKE_LOCK_ID
    android.util.SparseArray mActiveWakeLocks -> mActiveWakeLocks
    int mNextId -> mNextId
    android.content.ComponentName startWakefulService(android.content.Context,android.content.Intent) -> startWakefulService
    boolean completeWakefulIntent(android.content.Intent) -> completeWakefulIntent
android.support.v4.content.pm.ActivityInfoCompat -> android.support.v4.content.pm.ActivityInfoCompat:
    int CONFIG_UI_MODE -> CONFIG_UI_MODE
android.support.v4.database.DatabaseUtilsCompat -> android.support.v4.database.DatabaseUtilsCompat:
    java.lang.String concatenateWhere(java.lang.String,java.lang.String) -> concatenateWhere
    java.lang.String[] appendSelectionArgs(java.lang.String[],java.lang.String[]) -> appendSelectionArgs
android.support.v4.graphics.drawable.DrawableCompat -> android.support.v4.graphics.drawable.DrawableCompat:
    android.support.v4.graphics.drawable.DrawableCompat$DrawableImpl IMPL -> IMPL
    void jumpToCurrentState(android.graphics.drawable.Drawable) -> jumpToCurrentState
    void setAutoMirrored(android.graphics.drawable.Drawable,boolean) -> setAutoMirrored
    boolean isAutoMirrored(android.graphics.drawable.Drawable) -> isAutoMirrored
android.support.v4.graphics.drawable.DrawableCompat$BaseDrawableImpl -> android.support.v4.graphics.drawable.DrawableCompat$BaseDrawableImpl:
    void jumpToCurrentState(android.graphics.drawable.Drawable) -> jumpToCurrentState
    void setAutoMirrored(android.graphics.drawable.Drawable,boolean) -> setAutoMirrored
    boolean isAutoMirrored(android.graphics.drawable.Drawable) -> isAutoMirrored
android.support.v4.graphics.drawable.DrawableCompat$DrawableImpl -> android.support.v4.graphics.drawable.DrawableCompat$DrawableImpl:
    void jumpToCurrentState(android.graphics.drawable.Drawable) -> jumpToCurrentState
    void setAutoMirrored(android.graphics.drawable.Drawable,boolean) -> setAutoMirrored
    boolean isAutoMirrored(android.graphics.drawable.Drawable) -> isAutoMirrored
android.support.v4.graphics.drawable.DrawableCompat$HoneycombDrawableImpl -> android.support.v4.graphics.drawable.DrawableCompat$HoneycombDrawableImpl:
    void jumpToCurrentState(android.graphics.drawable.Drawable) -> jumpToCurrentState