proguard/usage.txt
com.google.gson.internal.LazilyParsedNumber:
    76:76:private java.lang.Object writeReplace()
com.google.gson.internal.LinkedHashTreeMap
com.google.gson.internal.LinkedHashTreeMap$1
com.google.gson.internal.LinkedHashTreeMap$AvlBuilder
com.google.gson.internal.LinkedHashTreeMap$AvlIterator
com.google.gson.internal.LinkedHashTreeMap$EntrySet
com.google.gson.internal.LinkedHashTreeMap$EntrySet$1
com.google.gson.internal.LinkedHashTreeMap$KeySet
com.google.gson.internal.LinkedHashTreeMap$KeySet$1
com.google.gson.internal.LinkedHashTreeMap$LinkedTreeMapIterator
com.google.gson.internal.LinkedHashTreeMap$Node
com.google.gson.internal.LinkedTreeMap:
    625:625:private java.lang.Object writeReplace()
com.google.gson.internal.Primitives:
    32:32:private Primitives()
    80:80:public static boolean isWrapperType(java.lang.reflect.Type)
    96:98:public static java.lang.Class wrap(java.lang.Class)
    113:115:public static java.lang.Class unwrap(java.lang.Class)
com.google.gson.internal.Streams:
    35:80:public Streams()
    40:60:public static com.google.gson.JsonElement parse(com.google.gson.stream.JsonReader)
    73:73:public static java.io.Writer writerForAppendable(java.lang.Appendable)
com.google.gson.internal.Streams$1
com.google.gson.internal.Streams$AppendableWriter
com.google.gson.internal.Streams$AppendableWriter$CurrentWrite
com.google.gson.internal.bind.JsonTreeReader:
    53:55:public JsonTreeReader(com.google.gson.JsonElement)
com.google.gson.internal.bind.JsonTreeWriter:
    163:167:public com.google.gson.stream.JsonWriter value(double)
com.google.gson.internal.bind.TypeAdapters:
    58:58:private TypeAdapters()
    765:765:public static com.google.gson.TypeAdapterFactory newFactory(com.google.gson.reflect.TypeToken,com.google.gson.TypeAdapter)
com.google.gson.internal.bind.TypeAdapters$23:
    private static final java.lang.String YEAR
    private static final java.lang.String MONTH
    private static final java.lang.String DAY_OF_MONTH
    private static final java.lang.String HOUR_OF_DAY
    private static final java.lang.String MINUTE
    private static final java.lang.String SECOND
com.google.gson.internal.bind.TypeAdapters$27
com.google.gson.stream.JsonReader:
    private static final long MIN_INCOMPLETE_INTEGER
    private static final int PEEKED_NONE
    private static final int PEEKED_BEGIN_OBJECT
    private static final int PEEKED_END_OBJECT
    private static final int PEEKED_BEGIN_ARRAY
    private static final int PEEKED_END_ARRAY
    private static final int PEEKED_TRUE
    private static final int PEEKED_FALSE
    private static final int PEEKED_NULL
    private static final int PEEKED_SINGLE_QUOTED
    private static final int PEEKED_DOUBLE_QUOTED
    private static final int PEEKED_UNQUOTED
    private static final int PEEKED_BUFFERED
    private static final int PEEKED_SINGLE_QUOTED_NAME
    private static final int PEEKED_DOUBLE_QUOTED_NAME
    private static final int PEEKED_UNQUOTED_NAME
    private static final int PEEKED_LONG
    private static final int PEEKED_NUMBER
    private static final int PEEKED_EOF
    private static final int NUMBER_CHAR_NONE
    private static final int NUMBER_CHAR_SIGN
    private static final int NUMBER_CHAR_DIGIT
    private static final int NUMBER_CHAR_DECIMAL
    private static final int NUMBER_CHAR_FRACTION_DIGIT
    private static final int NUMBER_CHAR_EXP_E
    private static final int NUMBER_CHAR_EXP_SIGN
    private static final int NUMBER_CHAR_EXP_DIGIT
com.google.gson.stream.JsonScope
com.google.gson.stream.JsonWriter:
    213:220:public final void setIndent(java.lang.String)
    253:254:public final void setHtmlSafe(boolean)
    261:261:public final boolean isHtmlSafe()
    269:270:public final void setSerializeNulls(boolean)
    462:468:public com.google.gson.stream.JsonWriter value(double)